Using pre-set license
Built from '2020.3/staging' branch; Version is '2020.3.26f1 (7298b473bc1a) revision 7510196'; Using compiler version '192528614'; Build Type 'Release'
OS: 'Windows 11  (10.0.22000) 64bit CoreSingleLanguage' Language: 'en' Physical Memory: 6030 MB
BatchMode: 1, IsHumanControllingUs: 0, StartBugReporterOnCrash: 0, Is64bit: 1, IsPro: 0

COMMAND LINE ARGUMENTS:
E:\New folder\2020.3.26f1\Editor\Unity.exe
-adb2
-batchMode
-noUpm
-name
AssetImportWorker0
-projectPath
E:/unity/virtual button
-logFile
Logs/AssetImportWorker0.log
-srvPort
63768
Successfully changed project path to: E:/unity/virtual button
E:/unity/virtual button
Using Asset Import Pipeline V2.
Refreshing native plugins compatible for Editor in 129.50 ms, found 5 plugins.
Preloading 2 native plugins for Editor in 27.94 ms.
Initialize engine version: 2020.3.26f1 (7298b473bc1a)
[Subsystems] Discovering subsystems at path E:/New folder/2020.3.26f1/Editor/Data/Resources/UnitySubsystems
[Subsystems] Discovering subsystems at path E:/unity/virtual button/Assets
GfxDevice: creating device client; threaded=0
Direct3D:
    Version:  Direct3D 11.0 [level 11.1]
    Renderer: AMD Radeon(TM) Graphics (ID=0x15d8)
    Vendor:   
    VRAM:     3015 MB
    Driver:   27.20.1021.1002
Initialize mono
Mono path[0] = 'E:/New folder/2020.3.26f1/Editor/Data/Managed'
Mono path[1] = 'E:/New folder/2020.3.26f1/Editor/Data/MonoBleedingEdge/lib/mono/unityjit'
Mono config path = 'E:/New folder/2020.3.26f1/Editor/Data/MonoBleedingEdge/etc'
Using monoOptions --debugger-agent=transport=dt_socket,embedding=1,server=y,suspend=n,address=127.0.0.1:56512
Begin MonoManager ReloadAssembly
Registering precompiled unity dll's ...
Register platform support module: E:/New folder/2020.3.26f1/Editor/Data/PlaybackEngines/WindowsStandaloneSupport/UnityEditor.WindowsStandalone.Extensions.dll
Registered in 0.002437 seconds.
Native extension for WindowsStandalone target not found
Refreshing native plugins compatible for Editor in 76.07 ms, found 5 plugins.
Preloading 2 native plugins for Editor in 0.15 ms.
Mono: successfully reloaded assembly
- Completed reload, in  1.594 seconds
Domain Reload Profiling:
	ReloadAssembly (1595ms)
		BeginReloadAssembly (387ms)
			ExecutionOrderSort (0ms)
			DisableScriptedObjects (0ms)
			BackupInstance (0ms)
			ReleaseScriptingObjects (0ms)
			CreateAndSetChildDomain (2ms)
		EndReloadAssembly (1054ms)
			LoadAssemblies (385ms)
			RebuildTransferFunctionScriptingTraits (0ms)
			SetupTypeCache (324ms)
			ReleaseScriptCaches (0ms)
			RebuildScriptCaches (58ms)
			SetupLoadedEditorAssemblies (402ms)
				LogAssemblyErrors (0ms)
				InitializePlatformSupportModulesInManaged (11ms)
				SetLoadedEditorAssemblies (0ms)
				RefreshPlugins (76ms)
				BeforeProcessingInitializeOnLoad (29ms)
				ProcessInitializeOnLoadAttributes (201ms)
				ProcessInitializeOnLoadMethodAttributes (83ms)
				AfterProcessingInitializeOnLoad (0ms)
				EditorAssembliesLoaded (1ms)
			ExecutionOrderSort2 (0ms)
			AwakeInstancesAfterBackupRestoration (0ms)
Platform modules already initialized, skipping
Registering precompiled user dll's ...
Registered in 0.051954 seconds.
Begin MonoManager ReloadAssembly
Native extension for WindowsStandalone target not found
Refreshing native plugins compatible for Editor in 1.31 ms, found 5 plugins.
Preloading 2 native plugins for Editor in 0.17 ms.
System.NullReferenceException: Object reference not set to an instance of an object
  at Vuforia.EditorClasses.ExtensionTypeProvider.GetVuforiaPackageAbsPath () [0x0004a] in <0213e6f0fa134fa89db6bafa02899715>:0 
  at Vuforia.EditorClasses.ExtensionTypeProvider.IsPackageManager () [0x00000] in <0213e6f0fa134fa89db6bafa02899715>:0 
  at Vuforia.EditorClasses.ExtensionTypeProvider.ResolvePluginType () [0x00009] in <0213e6f0fa134fa89db6bafa02899715>:0 
  at Vuforia.EditorClasses.ExtensionTypeProvider.GetPluginType () [0x0000c] in <0213e6f0fa134fa89db6bafa02899715>:0 
  at Vuforia.EditorClasses.VuforiaUtilities.IsVuforiaEnabledInPlayerSettings () [0x00000] in <0213e6f0fa134fa89db6bafa02899715>:0 
  at VuforiaEnabledObserver..cctor () [0x00000] in <0213e6f0fa134fa89db6bafa02899715>:0 
UnityEngine.StackTraceUtility:ExtractStackTrace ()
UnityEngine.DebugLogHandler:LogFormat (UnityEngine.LogType,UnityEngine.Object,string,object[])
UnityEngine.Logger:Log (UnityEngine.LogType,object)
UnityEngine.Debug:LogError (object)
UnityEditor.EditorAssemblies:ProcessInitializeOnLoadAttributes (System.Type[])

System.NullReferenceException: Object reference not set to an instance of an object
  at Vuforia.EditorClasses.ExtensionTypeProvider.GetVuforiaPackageAbsPath () [0x0004a] in <0213e6f0fa134fa89db6bafa02899715>:0 
  at Vuforia.EditorClasses.ExtensionTypeProvider.IsPackageManager () [0x00000] in <0213e6f0fa134fa89db6bafa02899715>:0 
  at Vuforia.EditorClasses.ExtensionTypeProvider.ResolvePluginType () [0x00009] in <0213e6f0fa134fa89db6bafa02899715>:0 
  at Vuforia.EditorClasses.ExtensionTypeProvider.GetPluginType () [0x0000c] in <0213e6f0fa134fa89db6bafa02899715>:0 
  at Vuforia.EditorClasses.VuforiaUtilities.IsVuforiaEnabledInPlayerSettings () [0x00000] in <0213e6f0fa134fa89db6bafa02899715>:0 
  at Vuforia.EditorClasses.InitializeOnLoadVuforiaTaskRunner..cctor () [0x00015] in <0213e6f0fa134fa89db6bafa02899715>:0 
UnityEngine.StackTraceUtility:ExtractStackTrace ()
UnityEngine.DebugLogHandler:LogFormat (UnityEngine.LogType,UnityEngine.Object,string,object[])
UnityEngine.Logger:Log (UnityEngine.LogType,object)
UnityEngine.Debug:LogError (object)
UnityEditor.EditorAssemblies:ProcessInitializeOnLoadAttributes (System.Type[])

Mono: successfully reloaded assembly
- Completed reload, in  2.997 seconds
Domain Reload Profiling:
	ReloadAssembly (2999ms)
		BeginReloadAssembly (443ms)
			ExecutionOrderSort (0ms)
			DisableScriptedObjects (12ms)
			BackupInstance (0ms)
			ReleaseScriptingObjects (0ms)
			CreateAndSetChildDomain (70ms)
		EndReloadAssembly (2388ms)
			LoadAssemblies (316ms)
			RebuildTransferFunctionScriptingTraits (0ms)
			SetupTypeCache (941ms)
			ReleaseScriptCaches (1ms)
			RebuildScriptCaches (107ms)
			SetupLoadedEditorAssemblies (864ms)
				LogAssemblyErrors (0ms)
				InitializePlatformSupportModulesInManaged (9ms)
				SetLoadedEditorAssemblies (1ms)
				RefreshPlugins (2ms)
				BeforeProcessingInitializeOnLoad (280ms)
				ProcessInitializeOnLoadAttributes (529ms)
				ProcessInitializeOnLoadMethodAttributes (34ms)
				AfterProcessingInitializeOnLoad (8ms)
				EditorAssembliesLoaded (1ms)
			ExecutionOrderSort2 (0ms)
			AwakeInstancesAfterBackupRestoration (15ms)
Platform modules already initialized, skipping
========================================================================
Worker process is ready to serve import requests
Launched and connected shader compiler UnityShaderCompiler.exe after 0.26 seconds
Refreshing native plugins compatible for Editor in 2.39 ms, found 5 plugins.
Preloading 2 native plugins for Editor in 0.18 ms.
Unloading 1555 Unused Serialized files (Serialized files now loaded: 0)
System memory in use before: 73.6 MB.
System memory in use after: 73.6 MB.

Unloading 45 unused Assets to reduce memory usage. Loaded Objects now: 2293.
Total: 10.393300 ms (FindLiveObjects: 0.706700 ms CreateObjectMapping: 0.457500 ms MarkObjects: 9.003100 ms  DeleteObjects: 0.222700 ms)

AssetImportParameters requested are different than current active one (requested -> active):
  custom:framework-win-MediaFoundation: 216162199b28c13a410421893ffa2e32 -> 
  custom:video-decoder-ogg-theora: a1e56fd34408186e4bbccfd4996cb3dc -> 
  custom:container-muxer-webm: aa71ff27fc2769a1b78a27578f13a17b -> 
  custom:container-demuxer-webm: 4f35f7cbe854078d1ac9338744f61a02 -> 
  custom:container-demuxer-ogg: 62fdf1f143b41e24485cea50d1cbac27 -> 
  custom:video-encoder-webm-vp8: eb34c28f22e8b96e1ab97ce403110664 -> 
  custom:video-codec-MediaFoundation-h265: 746d11721c4dcdbdad8f713fa42b33f4 -> 
  custom:video-decoder-webm-vp8: 9c59270c3fd7afecdb556c50c9e8de78 -> 
  custom:audio-decoder-ogg-vorbis: bf7c407c2cedff20999df2af8eb42d56 -> 
  custom:audio-encoder-webm-vorbis: bf7c407c2cedff20999df2af8eb42d56 -> 
========================================================================
Received Import Request.
  path: Assets/SDG PROJECT/desc and video/videos/SDG 9.mp4
  artifactKey: Guid(83392bf83ec88594fb71d4c137ad635f) Importer(815301076,1909f56bfc062723c751e8b465ee728b)
Start importing Assets/SDG PROJECT/desc and video/videos/SDG 9.mp4 using Guid(83392bf83ec88594fb71d4c137ad635f) Importer(815301076,1909f56bfc062723c751e8b465ee728b)  -> (artifact id: '5e19319fe4e58e1f78b9327d7982ab4c') in 0.124343 seconds 
  Import took 0.137931 seconds .

========================================================================
Received Import Request.
  Time since last request: 0.000560 seconds.
  path: Assets/SDG PROJECT/desc and video/videos/SDG 5.mp4
  artifactKey: Guid(9759b75aa59f0e54aa3258b2b2348b8e) Importer(815301076,1909f56bfc062723c751e8b465ee728b)
Start importing Assets/SDG PROJECT/desc and video/videos/SDG 5.mp4 using Guid(9759b75aa59f0e54aa3258b2b2348b8e) Importer(815301076,1909f56bfc062723c751e8b465ee728b)  -> (artifact id: 'fe29108015428e0c2bcb5342b3b134f1') in 0.013739 seconds 
  Import took 0.025075 seconds .

========================================================================
Received Import Request.
  Time since last request: 0.000598 seconds.
  path: Assets/SDG PROJECT/desc and video/videos/SDG 13.mp4
  artifactKey: Guid(7822bdda4c5960f4fa998b19ef5a36b6) Importer(815301076,1909f56bfc062723c751e8b465ee728b)
Start importing Assets/SDG PROJECT/desc and video/videos/SDG 13.mp4 using Guid(7822bdda4c5960f4fa998b19ef5a36b6) Importer(815301076,1909f56bfc062723c751e8b465ee728b)  -> (artifact id: '88867ca5f198e34cabedd2e5b85c5d7e') in 0.010484 seconds 
  Import took 0.018658 seconds .

========================================================================
Received Import Request.
  Time since last request: 0.000693 seconds.
  path: Assets/SDG PROJECT/desc and video/videos/SDG 6.mp4
  artifactKey: Guid(e1a739739dd7efb478fa0047523cf17c) Importer(815301076,1909f56bfc062723c751e8b465ee728b)
Start importing Assets/SDG PROJECT/desc and video/videos/SDG 6.mp4 using Guid(e1a739739dd7efb478fa0047523cf17c) Importer(815301076,1909f56bfc062723c751e8b465ee728b)  -> (artifact id: '21b3ba18cfd3b9f8e2418513a002004f') in 0.011417 seconds 
  Import took 0.022985 seconds .

========================================================================
Received Import Request.
  Time since last request: 0.000495 seconds.
  path: Assets/SDG PROJECT/desc and video/videos/SDG 14.mp4
  artifactKey: Guid(ca613abd730beed44ab60abd00c8f07c) Importer(815301076,1909f56bfc062723c751e8b465ee728b)
Start importing Assets/SDG PROJECT/desc and video/videos/SDG 14.mp4 using Guid(ca613abd730beed44ab60abd00c8f07c) Importer(815301076,1909f56bfc062723c751e8b465ee728b)  -> (artifact id: 'e58025a7eabd40b84283c1eef69dc7b2') in 0.019004 seconds 
  Import took 0.026992 seconds .

========================================================================
Received Import Request.
  Time since last request: 0.000640 seconds.
  path: Assets/SDG PROJECT/desc and video/videos/SDG 7.mp4
  artifactKey: Guid(5d312175657c33242bf6b45c777ca06b) Importer(815301076,1909f56bfc062723c751e8b465ee728b)
Start importing Assets/SDG PROJECT/desc and video/videos/SDG 7.mp4 using Guid(5d312175657c33242bf6b45c777ca06b) Importer(815301076,1909f56bfc062723c751e8b465ee728b)  -> (artifact id: '5bb7aa0c2f45bc3f71da9ff47142cd81') in 0.011274 seconds 
  Import took 0.023853 seconds .

========================================================================
Received Import Request.
  Time since last request: 0.001075 seconds.
  path: Assets/SDG PROJECT/desc and video/videos/SDG 15.mp4
  artifactKey: Guid(cd615040a1256d54ead26ae0b7e72da3) Importer(815301076,1909f56bfc062723c751e8b465ee728b)
Start importing Assets/SDG PROJECT/desc and video/videos/SDG 15.mp4 using Guid(cd615040a1256d54ead26ae0b7e72da3) Importer(815301076,1909f56bfc062723c751e8b465ee728b)  -> (artifact id: 'ee16b12cfd857a3274e055c2ff1358ba') in 0.015609 seconds 
  Import took 0.025960 seconds .

========================================================================
Received Import Request.
  Time since last request: 0.001683 seconds.
  path: Assets/SDG PROJECT/desc and video/videos/SDG 17.mp4
  artifactKey: Guid(727a91082d483704a908aad2929bb37c) Importer(815301076,1909f56bfc062723c751e8b465ee728b)
Start importing Assets/SDG PROJECT/desc and video/videos/SDG 17.mp4 using Guid(727a91082d483704a908aad2929bb37c) Importer(815301076,1909f56bfc062723c751e8b465ee728b)  -> (artifact id: 'b6eb69c9d9f61de36d6b1160e8f97526') in 0.012031 seconds 
  Import took 0.020493 seconds .

========================================================================
Received Import Request.
  Time since last request: 0.000560 seconds.
  path: Assets/SDG PROJECT/desc and video/videos/SDG 4.mp4
  artifactKey: Guid(780666fa319c2584795f5eb68ccdb89c) Importer(815301076,1909f56bfc062723c751e8b465ee728b)
Start importing Assets/SDG PROJECT/desc and video/videos/SDG 4.mp4 using Guid(780666fa319c2584795f5eb68ccdb89c) Importer(815301076,1909f56bfc062723c751e8b465ee728b)  -> (artifact id: '7f7199968bf51c08e5859ca87102be98') in 0.013056 seconds 
  Import took 0.022914 seconds .

========================================================================
Received Import Request.
  Time since last request: 0.001040 seconds.
  path: Assets/SDG PROJECT/desc and video/videos/SDG 2.mp4
  artifactKey: Guid(8dca51fc24f4e7c43add1f490695e91c) Importer(815301076,1909f56bfc062723c751e8b465ee728b)
Start importing Assets/SDG PROJECT/desc and video/videos/SDG 2.mp4 using Guid(8dca51fc24f4e7c43add1f490695e91c) Importer(815301076,1909f56bfc062723c751e8b465ee728b)  -> (artifact id: '7e3bccd32140f7f806502f860f35e335') in 0.010372 seconds 
  Import took 0.020348 seconds .

========================================================================
Received Import Request.
  Time since last request: 0.001089 seconds.
  path: Assets/SDG PROJECT/desc and video/videos/SDG 3.mp4
  artifactKey: Guid(021427d036b8aee43800432f91751f27) Importer(815301076,1909f56bfc062723c751e8b465ee728b)
Start importing Assets/SDG PROJECT/desc and video/videos/SDG 3.mp4 using Guid(021427d036b8aee43800432f91751f27) Importer(815301076,1909f56bfc062723c751e8b465ee728b)  -> (artifact id: '54b0497699aa06c7d0a59b3c45ef9a45') in 0.011198 seconds 
  Import took 0.019326 seconds .

========================================================================
Received Import Request.
  Time since last request: 0.000947 seconds.
  path: Assets/SDG PROJECT/desc and video/videos/SDG 8.mp4
  artifactKey: Guid(0cb1af1ab0de3224b9517d938828b58e) Importer(815301076,1909f56bfc062723c751e8b465ee728b)
Start importing Assets/SDG PROJECT/desc and video/videos/SDG 8.mp4 using Guid(0cb1af1ab0de3224b9517d938828b58e) Importer(815301076,1909f56bfc062723c751e8b465ee728b)  -> (artifact id: 'c4008706a77158bd73e3440947f3c528') in 0.025341 seconds 
  Import took 0.035456 seconds .

========================================================================
Received Import Request.
  Time since last request: 0.000898 seconds.
  path: Assets/SDG PROJECT/desc and video/videos/SDG 12.mp4
  artifactKey: Guid(10fe3ee4ee3819648afb66144762bc49) Importer(815301076,1909f56bfc062723c751e8b465ee728b)
Start importing Assets/SDG PROJECT/desc and video/videos/SDG 12.mp4 using Guid(10fe3ee4ee3819648afb66144762bc49) Importer(815301076,1909f56bfc062723c751e8b465ee728b)  -> (artifact id: 'd7234994582a8a821b1bbefe22c48de2') in 0.012142 seconds 
  Import took 0.025003 seconds .

========================================================================
Received Import Request.
  Time since last request: 0.000674 seconds.
  path: Assets/SDG PROJECT/desc and video/videos/SDG 16.mp4
  artifactKey: Guid(db27ef9ae3689f6468d2996378257743) Importer(815301076,1909f56bfc062723c751e8b465ee728b)
Start importing Assets/SDG PROJECT/desc and video/videos/SDG 16.mp4 using Guid(db27ef9ae3689f6468d2996378257743) Importer(815301076,1909f56bfc062723c751e8b465ee728b)  -> (artifact id: '13d760b361c47076ac608a81c92ed803') in 0.015867 seconds 
  Import took 0.024806 seconds .

========================================================================
Received Import Request.
  Time since last request: 0.000668 seconds.
  path: Assets/SDG PROJECT/desc and video/videos/SDG 10.mp4
  artifactKey: Guid(8196f769f888a13498ebfc768e06bca4) Importer(815301076,1909f56bfc062723c751e8b465ee728b)
Start importing Assets/SDG PROJECT/desc and video/videos/SDG 10.mp4 using Guid(8196f769f888a13498ebfc768e06bca4) Importer(815301076,1909f56bfc062723c751e8b465ee728b)  -> (artifact id: '44203fc9a2e7c154f4a232763857cf85') in 0.012150 seconds 
  Import took 0.023034 seconds .

========================================================================
Received Import Request.
  Time since last request: 0.000610 seconds.
  path: Assets/SDG PROJECT/desc and video/videos/SDG 1.mp4
  artifactKey: Guid(d2c0428391aee114bb70b08b6def5dca) Importer(815301076,1909f56bfc062723c751e8b465ee728b)
Start importing Assets/SDG PROJECT/desc and video/videos/SDG 1.mp4 using Guid(d2c0428391aee114bb70b08b6def5dca) Importer(815301076,1909f56bfc062723c751e8b465ee728b)  -> (artifact id: 'c012b05935b0cce3a2cf8677b3f424b1') in 0.013151 seconds 
  Import took 0.022477 seconds .

========================================================================
Received Import Request.
  Time since last request: 0.000617 seconds.
  path: Assets/SDG PROJECT/desc and video/videos/SDG 11.mp4
  artifactKey: Guid(b7012a3c1e63cbc4290235b262e39150) Importer(815301076,1909f56bfc062723c751e8b465ee728b)
Start importing Assets/SDG PROJECT/desc and video/videos/SDG 11.mp4 using Guid(b7012a3c1e63cbc4290235b262e39150) Importer(815301076,1909f56bfc062723c751e8b465ee728b)  -> (artifact id: '51911dc35b28f29be4100f5d91e837d6') in 0.011451 seconds 
  Import took 0.023907 seconds .

========================================================================
Received Prepare
Switching build target platform(13) subTarget(537395204) extendedPlatform(0) -> platform(13) subTarget(524292) extendedPlatform(0)
Refreshing native plugins compatible for Editor in 35.77 ms, found 5 plugins.
Preloading 2 native plugins for Editor in 0.19 ms.
Unloading 38 Unused Serialized files (Serialized files now loaded: 0)
System memory in use before: 42.4 MB.
System memory in use after: 42.5 MB.

Unloading 38 unused Assets to reduce memory usage. Loaded Objects now: 2293.
Total: 12.266100 ms (FindLiveObjects: 1.027200 ms CreateObjectMapping: 0.414300 ms MarkObjects: 10.764800 ms  DeleteObjects: 0.051000 ms)

AssetImportParameters requested are different than current active one (requested -> active):
  buildTarget: platform 13, subtarget 524292, extendedPlatform 0 -> platform 13, subtarget 537395204, extendedPlatform 0
  graphicsApiMask: 2048 -> 2099200
  custom:framework-win-MediaFoundation: 216162199b28c13a410421893ffa2e32 -> 
  custom:video-decoder-ogg-theora: a1e56fd34408186e4bbccfd4996cb3dc -> 
  custom:container-muxer-webm: aa71ff27fc2769a1b78a27578f13a17b -> 
  custom:container-demuxer-webm: 4f35f7cbe854078d1ac9338744f61a02 -> 
  custom:container-demuxer-ogg: 62fdf1f143b41e24485cea50d1cbac27 -> 
  custom:video-encoder-webm-vp8: eb34c28f22e8b96e1ab97ce403110664 -> 
  custom:video-codec-MediaFoundation-h265: 746d11721c4dcdbdad8f713fa42b33f4 -> 
  custom:video-decoder-webm-vp8: 9c59270c3fd7afecdb556c50c9e8de78 -> 
  custom:audio-decoder-ogg-vorbis: bf7c407c2cedff20999df2af8eb42d56 -> 
  custom:audio-encoder-webm-vorbis: bf7c407c2cedff20999df2af8eb42d56 -> 
========================================================================
Received Import Request.
  Time since last request: 564.364297 seconds.
  path: Assets/SDG PROJECT/desc and video/videos/SDG 1.mp4
  artifactKey: Guid(d2c0428391aee114bb70b08b6def5dca) Importer(815301076,1909f56bfc062723c751e8b465ee728b)
Start importing Assets/SDG PROJECT/desc and video/videos/SDG 1.mp4 using Guid(d2c0428391aee114bb70b08b6def5dca) Importer(815301076,1909f56bfc062723c751e8b465ee728b)  -> (artifact id: '6c48b6360cbd99d20ef1c2794df63ded') in 0.010906 seconds 
  Import took 0.032427 seconds .

========================================================================
Received Import Request.
  Time since last request: 0.000770 seconds.
  path: Assets/SDG PROJECT/desc and video/videos/SDG 9.mp4
  artifactKey: Guid(83392bf83ec88594fb71d4c137ad635f) Importer(815301076,1909f56bfc062723c751e8b465ee728b)
Start importing Assets/SDG PROJECT/desc and video/videos/SDG 9.mp4 using Guid(83392bf83ec88594fb71d4c137ad635f) Importer(815301076,1909f56bfc062723c751e8b465ee728b)  -> (artifact id: '10457b99cee7670646d793c0b3ce97e7') in 0.008388 seconds 
  Import took 0.016457 seconds .

========================================================================
Received Import Request.
  Time since last request: 0.000592 seconds.
  path: Assets/SDG PROJECT/desc and video/videos/SDG 5.mp4
  artifactKey: Guid(9759b75aa59f0e54aa3258b2b2348b8e) Importer(815301076,1909f56bfc062723c751e8b465ee728b)
Start importing Assets/SDG PROJECT/desc and video/videos/SDG 5.mp4 using Guid(9759b75aa59f0e54aa3258b2b2348b8e) Importer(815301076,1909f56bfc062723c751e8b465ee728b)  -> (artifact id: 'b36d6f694b9393d28ff38681c30ec781') in 0.006470 seconds 
  Import took 0.014107 seconds .

========================================================================
Received Import Request.
  Time since last request: 0.000512 seconds.
  path: Assets/SDG PROJECT/desc and video/videos/SDG 13.mp4
  artifactKey: Guid(7822bdda4c5960f4fa998b19ef5a36b6) Importer(815301076,1909f56bfc062723c751e8b465ee728b)
Start importing Assets/SDG PROJECT/desc and video/videos/SDG 13.mp4 using Guid(7822bdda4c5960f4fa998b19ef5a36b6) Importer(815301076,1909f56bfc062723c751e8b465ee728b)  -> (artifact id: '41101eccfd66c0f12a162c58147b0984') in 0.005210 seconds 
  Import took 0.010391 seconds .

========================================================================
Received Import Request.
  Time since last request: 0.000515 seconds.
  path: Assets/SDG PROJECT/desc and video/videos/SDG 6.mp4
  artifactKey: Guid(e1a739739dd7efb478fa0047523cf17c) Importer(815301076,1909f56bfc062723c751e8b465ee728b)
Start importing Assets/SDG PROJECT/desc and video/videos/SDG 6.mp4 using Guid(e1a739739dd7efb478fa0047523cf17c) Importer(815301076,1909f56bfc062723c751e8b465ee728b)  -> (artifact id: '1660d42c4e07a525a554b9336d365cc2') in 0.005057 seconds 
  Import took 0.010693 seconds .

========================================================================
Received Import Request.
  Time since last request: 0.000414 seconds.
  path: Assets/SDG PROJECT/desc and video/videos/SDG 14.mp4
  artifactKey: Guid(ca613abd730beed44ab60abd00c8f07c) Importer(815301076,1909f56bfc062723c751e8b465ee728b)
Start importing Assets/SDG PROJECT/desc and video/videos/SDG 14.mp4 using Guid(ca613abd730beed44ab60abd00c8f07c) Importer(815301076,1909f56bfc062723c751e8b465ee728b)  -> (artifact id: '355ed8bc42166e1cbdd1b31ea9febe11') in 0.007785 seconds 
  Import took 0.013628 seconds .

========================================================================
Received Import Request.
  Time since last request: 0.000541 seconds.
  path: Assets/SDG PROJECT/desc and video/videos/SDG 7.mp4
  artifactKey: Guid(5d312175657c33242bf6b45c777ca06b) Importer(815301076,1909f56bfc062723c751e8b465ee728b)
Start importing Assets/SDG PROJECT/desc and video/videos/SDG 7.mp4 using Guid(5d312175657c33242bf6b45c777ca06b) Importer(815301076,1909f56bfc062723c751e8b465ee728b)  -> (artifact id: '7faef04c530c9048d2ad907aca48797a') in 0.006950 seconds 
  Import took 0.031969 seconds .

========================================================================
Received Import Request.
  Time since last request: 0.000607 seconds.
  path: Assets/SDG PROJECT/desc and video/videos/SDG 15.mp4
  artifactKey: Guid(cd615040a1256d54ead26ae0b7e72da3) Importer(815301076,1909f56bfc062723c751e8b465ee728b)
Start importing Assets/SDG PROJECT/desc and video/videos/SDG 15.mp4 using Guid(cd615040a1256d54ead26ae0b7e72da3) Importer(815301076,1909f56bfc062723c751e8b465ee728b)  -> (artifact id: 'eb77b97ef9bcdc7a4e470c0ee158e46b') in 0.009971 seconds 
  Import took 0.017066 seconds .

========================================================================
Received Import Request.
  Time since last request: 0.000635 seconds.
  path: Assets/SDG PROJECT/desc and video/videos/SDG 17.mp4
  artifactKey: Guid(727a91082d483704a908aad2929bb37c) Importer(815301076,1909f56bfc062723c751e8b465ee728b)
Start importing Assets/SDG PROJECT/desc and video/videos/SDG 17.mp4 using Guid(727a91082d483704a908aad2929bb37c) Importer(815301076,1909f56bfc062723c751e8b465ee728b)  -> (artifact id: '9c91b2d6cc8e47c5161cbb92b96c1644') in 0.010523 seconds 
  Import took 0.018375 seconds .

========================================================================
Received Import Request.
  Time since last request: 0.000535 seconds.
  path: Assets/SDG PROJECT/desc and video/videos/SDG 4.mp4
  artifactKey: Guid(780666fa319c2584795f5eb68ccdb89c) Importer(815301076,1909f56bfc062723c751e8b465ee728b)
Start importing Assets/SDG PROJECT/desc and video/videos/SDG 4.mp4 using Guid(780666fa319c2584795f5eb68ccdb89c) Importer(815301076,1909f56bfc062723c751e8b465ee728b)  -> (artifact id: 'c0cfcf373d3972ea69d00f0606c215c5') in 0.006185 seconds 
  Import took 0.015175 seconds .

========================================================================
Received Import Request.
  Time since last request: 0.000791 seconds.
  path: Assets/SDG PROJECT/desc and video/videos/SDG 2.mp4
  artifactKey: Guid(8dca51fc24f4e7c43add1f490695e91c) Importer(815301076,1909f56bfc062723c751e8b465ee728b)
Start importing Assets/SDG PROJECT/desc and video/videos/SDG 2.mp4 using Guid(8dca51fc24f4e7c43add1f490695e91c) Importer(815301076,1909f56bfc062723c751e8b465ee728b)  -> (artifact id: '64ce5315de473f1567e1f90c231147bb') in 0.007065 seconds 
  Import took 0.012541 seconds .

========================================================================
Received Import Request.
  Time since last request: 0.001050 seconds.
  path: Assets/SDG PROJECT/desc and video/videos/SDG 3.mp4
  artifactKey: Guid(021427d036b8aee43800432f91751f27) Importer(815301076,1909f56bfc062723c751e8b465ee728b)
Start importing Assets/SDG PROJECT/desc and video/videos/SDG 3.mp4 using Guid(021427d036b8aee43800432f91751f27) Importer(815301076,1909f56bfc062723c751e8b465ee728b)  -> (artifact id: '013a6964755e649a2c69407f4fe8e010') in 0.010171 seconds 
  Import took 0.017639 seconds .

========================================================================
Received Import Request.
  Time since last request: 0.000577 seconds.
  path: Assets/SDG PROJECT/desc and video/videos/SDG 8.mp4
  artifactKey: Guid(0cb1af1ab0de3224b9517d938828b58e) Importer(815301076,1909f56bfc062723c751e8b465ee728b)
Start importing Assets/SDG PROJECT/desc and video/videos/SDG 8.mp4 using Guid(0cb1af1ab0de3224b9517d938828b58e) Importer(815301076,1909f56bfc062723c751e8b465ee728b)  -> (artifact id: '66afb034e15ebb68cbdfe1bd1b8dc430') in 0.007108 seconds 
  Import took 0.014705 seconds .

========================================================================
Received Import Request.
  Time since last request: 0.000605 seconds.
  path: Assets/SDG PROJECT/desc and video/videos/SDG 12.mp4
  artifactKey: Guid(10fe3ee4ee3819648afb66144762bc49) Importer(815301076,1909f56bfc062723c751e8b465ee728b)
Start importing Assets/SDG PROJECT/desc and video/videos/SDG 12.mp4 using Guid(10fe3ee4ee3819648afb66144762bc49) Importer(815301076,1909f56bfc062723c751e8b465ee728b)  -> (artifact id: 'f9a15b36940b1c06d48ea15b912f6228') in 0.009691 seconds 
  Import took 0.018349 seconds .

========================================================================
Received Import Request.
  Time since last request: 0.000567 seconds.
  path: Assets/SDG PROJECT/desc and video/videos/SDG 16.mp4
  artifactKey: Guid(db27ef9ae3689f6468d2996378257743) Importer(815301076,1909f56bfc062723c751e8b465ee728b)
Start importing Assets/SDG PROJECT/desc and video/videos/SDG 16.mp4 using Guid(db27ef9ae3689f6468d2996378257743) Importer(815301076,1909f56bfc062723c751e8b465ee728b)  -> (artifact id: 'b7cdc523f88e9cb99a9d4f561210da2f') in 0.008166 seconds 
  Import took 0.016673 seconds .

========================================================================
Received Import Request.
  Time since last request: 0.000679 seconds.
  path: Assets/SDG PROJECT/desc and video/videos/SDG 10.mp4
  artifactKey: Guid(8196f769f888a13498ebfc768e06bca4) Importer(815301076,1909f56bfc062723c751e8b465ee728b)
Start importing Assets/SDG PROJECT/desc and video/videos/SDG 10.mp4 using Guid(8196f769f888a13498ebfc768e06bca4) Importer(815301076,1909f56bfc062723c751e8b465ee728b)  -> (artifact id: '0f884523e0f8b8ef33bb5c2060abe2f0') in 0.006794 seconds 
  Import took 0.012758 seconds .

========================================================================
Received Import Request.
  Time since last request: 0.000610 seconds.
  path: Assets/SDG PROJECT/desc and video/videos/SDG 11.mp4
  artifactKey: Guid(b7012a3c1e63cbc4290235b262e39150) Importer(815301076,1909f56bfc062723c751e8b465ee728b)
Start importing Assets/SDG PROJECT/desc and video/videos/SDG 11.mp4 using Guid(b7012a3c1e63cbc4290235b262e39150) Importer(815301076,1909f56bfc062723c751e8b465ee728b)  -> (artifact id: 'eeecae6b62f4358920673e6a748b84d0') in 0.011973 seconds 
  Import took 0.021594 seconds .

========================================================================
Received Prepare
Refreshing native plugins compatible for Editor in 33.48 ms, found 5 plugins.
Preloading 2 native plugins for Editor in 0.12 ms.
Unloading 38 Unused Serialized files (Serialized files now loaded: 0)
System memory in use before: 42.4 MB.
System memory in use after: 42.5 MB.

Unloading 38 unused Assets to reduce memory usage. Loaded Objects now: 2293.
Total: 10.422700 ms (FindLiveObjects: 0.602300 ms CreateObjectMapping: 0.154700 ms MarkObjects: 9.604700 ms  DeleteObjects: 0.058000 ms)

AssetImportParameters requested are different than current active one (requested -> active):
  custom:framework-win-MediaFoundation: 216162199b28c13a410421893ffa2e32 -> 
  custom:video-decoder-ogg-theora: a1e56fd34408186e4bbccfd4996cb3dc -> 
  custom:container-muxer-webm: aa71ff27fc2769a1b78a27578f13a17b -> 
  custom:container-demuxer-webm: 4f35f7cbe854078d1ac9338744f61a02 -> 
  custom:container-demuxer-ogg: 62fdf1f143b41e24485cea50d1cbac27 -> 
  custom:video-encoder-webm-vp8: eb34c28f22e8b96e1ab97ce403110664 -> 
  custom:video-codec-MediaFoundation-h265: 746d11721c4dcdbdad8f713fa42b33f4 -> 
  custom:video-decoder-webm-vp8: 9c59270c3fd7afecdb556c50c9e8de78 -> 
  custom:audio-decoder-ogg-vorbis: bf7c407c2cedff20999df2af8eb42d56 -> 
  custom:audio-encoder-webm-vorbis: bf7c407c2cedff20999df2af8eb42d56 -> 
